<html>
<head>
<title>TestNG:  All Test Cases</title>
<link href="../testng.css" rel="stylesheet" type="text/css" />
<link href="../my-testng.css" rel="stylesheet" type="text/css" />

<style type="text/css">
.log { display: none;} 
.stack-trace { display: none;} 
</style>
<script type="text/javascript">
<!--
function flip(e) {
  current = e.style.display;
  if (current == 'block') {
    e.style.display = 'none';
    return 0;
  }
  else {
    e.style.display = 'block';
    return 1;
  }
}

function toggleBox(szDivId, elem, msg1, msg2)
{
  var res = -1;  if (document.getElementById) {
    res = flip(document.getElementById(szDivId));
  }
  else if (document.all) {
    // this is the way old msie versions work
    res = flip(document.all[szDivId]);
  }
  if(elem) {
    if(res == 0) elem.innerHTML = msg1; else elem.innerHTML = msg2;
  }

}

function toggleAllBoxes() {
  if (document.getElementsByTagName) {
    d = document.getElementsByTagName('div');
    for (i = 0; i < d.length; i++) {
      if (d[i].className == 'log') {
        flip(d[i]);
      }
    }
  }
}

// -->
</script>

</head>
<body>
<h2 align='center'>All Test Cases</h2><table border='1' align="center">
<tr>
<td>Tests passed/Failed/Skipped:</td><td>27/7/0</td>
</tr><tr>
<td>Started on:</td><td>Sat Jun 17 22:06:54 IST 2023</td>
</tr>
<tr><td>Total time:</td><td>124 seconds (124999 ms)</td>
</tr><tr>
<td>Included groups:</td><td></td>
</tr><tr>
<td>Excluded groups:</td><td></td>
</tr>
</table><p/>
<small><i>(Hover the method name to see the test class name)</i></small><p/>
<table width='100%' border='1' class='invocation-failed'>
<tr><td colspan='4' align='center'><b>FAILED CONFIGURATIONS</b></td></tr>
<tr><td><b>Test method</b></td>
<td width="30%"><b>Exception</b></td>
<td width="10%"><b>Time (seconds)</b></td>
<td><b>Instance</b></td>
</tr>
<tr>
<td title='com.justdial.qa.testcases.WashingServiceResultsTestPage.tearDown()'><b>tearDown</b><br>Test class: com.justdial.qa.testcases.WashingServiceResultsTestPage</td>
<td><div><pre>java.lang.IllegalStateException: No reporters were started. Atleast 1 reporter must be started to flush results.
	at com.aventstack.extentreports.Report.flush(Report.java:166)
	at com.aventstack.extentreports.ExtentReports.flush(ExtentReports.java:270)
	at com.justdial.qa.testcases.WashingServiceResultsTestPage.tearDown(WashingServiceResultsTestPage.java:177)
	at java.base/java.util.ArrayList.forEach(ArrayList.java:1511)
... Removed 25 stack frames</pre></div><a href='#' onClick='toggleBox("stack-trace1042273835", this, "Click to show all stack frames", "Click to hide stack frames")'>Click to show all stack frames</a>
<div class='stack-trace' id='stack-trace1042273835'><pre>java.lang.IllegalStateException: No reporters were started. Atleast 1 reporter must be started to flush results.
	at com.aventstack.extentreports.Report.flush(Report.java:166)
	at com.aventstack.extentreports.ExtentReports.flush(ExtentReports.java:270)
	at com.justdial.qa.testcases.WashingServiceResultsTestPage.tearDown(WashingServiceResultsTestPage.java:177)
	at java.base/jdk.internal.reflect.NativeMethodAccessorImpl.invoke0(Native Method)
	at java.base/jdk.internal.reflect.NativeMethodAccessorImpl.invoke(NativeMethodAccessorImpl.java:77)
	at java.base/jdk.internal.reflect.DelegatingMethodAccessorImpl.invoke(DelegatingMethodAccessorImpl.java:43)
	at java.base/java.lang.reflect.Method.invoke(Method.java:568)
	at org.testng.internal.MethodInvocationHelper.invokeMethod(MethodInvocationHelper.java:133)
	at org.testng.internal.MethodInvocationHelper.invokeMethodConsideringTimeout(MethodInvocationHelper.java:62)
	at org.testng.internal.ConfigInvoker.invokeConfigurationMethod(ConfigInvoker.java:385)
	at org.testng.internal.ConfigInvoker.invokeConfigurations(ConfigInvoker.java:321)
	at org.testng.internal.TestMethodWorker.invokeAfterClassMethods(TestMethodWorker.java:217)
	at org.testng.internal.TestMethodWorker.run(TestMethodWorker.java:130)
	at java.base/java.util.ArrayList.forEach(ArrayList.java:1511)
	at org.testng.TestRunner.privateRun(TestRunner.java:794)
	at org.testng.TestRunner.run(TestRunner.java:596)
	at org.testng.SuiteRunner.runTest(SuiteRunner.java:377)
	at org.testng.SuiteRunner.runSequentially(SuiteRunner.java:371)
	at org.testng.SuiteRunner.privateRun(SuiteRunner.java:332)
	at org.testng.SuiteRunner.run(SuiteRunner.java:276)
	at org.testng.SuiteRunnerWorker.runSuite(SuiteRunnerWorker.java:53)
	at org.testng.SuiteRunnerWorker.run(SuiteRunnerWorker.java:96)
	at org.testng.TestNG.runSuitesSequentially(TestNG.java:1212)
	at org.testng.TestNG.runSuitesLocally(TestNG.java:1134)
	at org.testng.TestNG.runSuites(TestNG.java:1063)
	at org.testng.TestNG.run(TestNG.java:1031)
	at org.testng.remote.AbstractRemoteTestNG.run(AbstractRemoteTestNG.java:115)
	at org.testng.remote.RemoteTestNG.initAndRun(RemoteTestNG.java:251)
	at org.testng.remote.RemoteTestNG.main(RemoteTestNG.java:77)
</pre></div></td>
<td>0</td>
<td>com.justdial.qa.testcases.WashingServiceResultsTestPage@6ab778a</td></tr>
<tr>
<td title='com.justdial.qa.testcases.WashingServiceResultsTestPage.reportFlush()'><b>reportFlush</b><br>Test class: com.justdial.qa.testcases.WashingServiceResultsTestPage</td>
<td><div><pre>java.lang.IllegalStateException: No reporters were started. Atleast 1 reporter must be started to flush results.
	at com.aventstack.extentreports.Report.flush(Report.java:166)
	at com.aventstack.extentreports.ExtentReports.flush(ExtentReports.java:270)
	at com.justdial.qa.testcases.WashingServiceResultsTestPage.reportFlush(WashingServiceResultsTestPage.java:68)
... Removed 24 stack frames</pre></div><a href='#' onClick='toggleBox("stack-trace899557330", this, "Click to show all stack frames", "Click to hide stack frames")'>Click to show all stack frames</a>
<div class='stack-trace' id='stack-trace899557330'><pre>java.lang.IllegalStateException: No reporters were started. Atleast 1 reporter must be started to flush results.
	at com.aventstack.extentreports.Report.flush(Report.java:166)
	at com.aventstack.extentreports.ExtentReports.flush(ExtentReports.java:270)
	at com.justdial.qa.testcases.WashingServiceResultsTestPage.reportFlush(WashingServiceResultsTestPage.java:68)
	at java.base/jdk.internal.reflect.NativeMethodAccessorImpl.invoke0(Native Method)
	at java.base/jdk.internal.reflect.NativeMethodAccessorImpl.invoke(NativeMethodAccessorImpl.java:77)
	at java.base/jdk.internal.reflect.DelegatingMethodAccessorImpl.invoke(DelegatingMethodAccessorImpl.java:43)
	at java.base/java.lang.reflect.Method.invoke(Method.java:568)
	at org.testng.internal.MethodInvocationHelper.invokeMethod(MethodInvocationHelper.java:133)
	at org.testng.internal.MethodInvocationHelper.invokeMethodConsideringTimeout(MethodInvocationHelper.java:62)
	at org.testng.internal.ConfigInvoker.invokeConfigurationMethod(ConfigInvoker.java:385)
	at org.testng.internal.ConfigInvoker.invokeConfigurations(ConfigInvoker.java:321)
	at org.testng.TestRunner.invokeTestConfigurations(TestRunner.java:637)
	at org.testng.TestRunner.afterRun(TestRunner.java:877)
	at org.testng.TestRunner.run(TestRunner.java:599)
	at org.testng.SuiteRunner.runTest(SuiteRunner.java:377)
	at org.testng.SuiteRunner.runSequentially(SuiteRunner.java:371)
	at org.testng.SuiteRunner.privateRun(SuiteRunner.java:332)
	at org.testng.SuiteRunner.run(SuiteRunner.java:276)
	at org.testng.SuiteRunnerWorker.runSuite(SuiteRunnerWorker.java:53)
	at org.testng.SuiteRunnerWorker.run(SuiteRunnerWorker.java:96)
	at org.testng.TestNG.runSuitesSequentially(TestNG.java:1212)
	at org.testng.TestNG.runSuitesLocally(TestNG.java:1134)
	at org.testng.TestNG.runSuites(TestNG.java:1063)
	at org.testng.TestNG.run(TestNG.java:1031)
	at org.testng.remote.AbstractRemoteTestNG.run(AbstractRemoteTestNG.java:115)
	at org.testng.remote.RemoteTestNG.initAndRun(RemoteTestNG.java:251)
	at org.testng.remote.RemoteTestNG.main(RemoteTestNG.java:77)
</pre></div></td>
<td>0</td>
<td>com.justdial.qa.testcases.WashingServiceResultsTestPage@6ab778a</td></tr>
</table><p>
<table width='100%' border='1' class='invocation-skipped'>
<tr><td colspan='4' align='center'><b>SKIPPED CONFIGURATIONS</b></td></tr>
<tr><td><b>Test method</b></td>
<td width="30%"><b>Exception</b></td>
<td width="10%"><b>Time (seconds)</b></td>
<td><b>Instance</b></td>
</tr>
<tr>
<td title='com.justdial.qa.testcases.homePageTestCases.reportFlush()'><b>reportFlush</b><br>Test class: com.justdial.qa.testcases.homePageTestCases</td>
<td></td>
<td>-1687019939</td>
<td>com.justdial.qa.testcases.homePageTestCases@6aaceffd</td></tr>
</table><p>
<table width='100%' border='1' class='invocation-failed'>
<tr><td colspan='4' align='center'><b>FAILED TESTS</b></td></tr>
<tr><td><b>Test method</b></td>
<td width="30%"><b>Exception</b></td>
<td width="10%"><b>Time (seconds)</b></td>
<td><b>Instance</b></td>
</tr>
<tr>
<td title='com.justdial.qa.testcases.WashingServiceResultsTestPage.displayListOfTop5CarWashingServices()'><b>displayListOfTop5CarWashingServices</b><br>Test class: com.justdial.qa.testcases.WashingServiceResultsTestPage</td>
<td><div><pre>java.lang.IllegalStateException: No reporters were started. Atleast 1 reporter must be started to create tests.
	at com.aventstack.extentreports.Report.createTest(Report.java:64)
	at com.aventstack.extentreports.ExtentReports.createTest(ExtentReports.java:230)
	at com.aventstack.extentreports.ExtentReports.createTest(ExtentReports.java:243)
	at com.justdial.qa.testcases.WashingServiceResultsTestPage.displayListOfTop5CarWashingServices(WashingServiceResultsTestPage.java:146)
	at java.base/java.util.ArrayList.forEach(ArrayList.java:1511)
... Removed 27 stack frames</pre></div><a href='#' onClick='toggleBox("stack-trace375781972", this, "Click to show all stack frames", "Click to hide stack frames")'>Click to show all stack frames</a>
<div class='stack-trace' id='stack-trace375781972'><pre>java.lang.IllegalStateException: No reporters were started. Atleast 1 reporter must be started to create tests.
	at com.aventstack.extentreports.Report.createTest(Report.java:64)
	at com.aventstack.extentreports.ExtentReports.createTest(ExtentReports.java:230)
	at com.aventstack.extentreports.ExtentReports.createTest(ExtentReports.java:243)
	at com.justdial.qa.testcases.WashingServiceResultsTestPage.displayListOfTop5CarWashingServices(WashingServiceResultsTestPage.java:146)
	at java.base/jdk.internal.reflect.NativeMethodAccessorImpl.invoke0(Native Method)
	at java.base/jdk.internal.reflect.NativeMethodAccessorImpl.invoke(NativeMethodAccessorImpl.java:77)
	at java.base/jdk.internal.reflect.DelegatingMethodAccessorImpl.invoke(DelegatingMethodAccessorImpl.java:43)
	at java.base/java.lang.reflect.Method.invoke(Method.java:568)
	at org.testng.internal.MethodInvocationHelper.invokeMethod(MethodInvocationHelper.java:133)
	at org.testng.internal.TestInvoker.invokeMethod(TestInvoker.java:598)
	at org.testng.internal.TestInvoker.invokeTestMethod(TestInvoker.java:173)
	at org.testng.internal.MethodRunner.runInSequence(MethodRunner.java:46)
	at org.testng.internal.TestInvoker$MethodInvocationAgent.invoke(TestInvoker.java:824)
	at org.testng.internal.TestInvoker.invokeTestMethods(TestInvoker.java:146)
	at org.testng.internal.TestMethodWorker.invokeTestMethods(TestMethodWorker.java:146)
	at org.testng.internal.TestMethodWorker.run(TestMethodWorker.java:128)
	at java.base/java.util.ArrayList.forEach(ArrayList.java:1511)
	at org.testng.TestRunner.privateRun(TestRunner.java:794)
	at org.testng.TestRunner.run(TestRunner.java:596)
	at org.testng.SuiteRunner.runTest(SuiteRunner.java:377)
	at org.testng.SuiteRunner.runSequentially(SuiteRunner.java:371)
	at org.testng.SuiteRunner.privateRun(SuiteRunner.java:332)
	at org.testng.SuiteRunner.run(SuiteRunner.java:276)
	at org.testng.SuiteRunnerWorker.runSuite(SuiteRunnerWorker.java:53)
	at org.testng.SuiteRunnerWorker.run(SuiteRunnerWorker.java:96)
	at org.testng.TestNG.runSuitesSequentially(TestNG.java:1212)
	at org.testng.TestNG.runSuitesLocally(TestNG.java:1134)
	at org.testng.TestNG.runSuites(TestNG.java:1063)
	at org.testng.TestNG.run(TestNG.java:1031)
	at org.testng.remote.AbstractRemoteTestNG.run(AbstractRemoteTestNG.java:115)
	at org.testng.remote.RemoteTestNG.initAndRun(RemoteTestNG.java:251)
	at org.testng.remote.RemoteTestNG.main(RemoteTestNG.java:77)
</pre></div></td>
<td>0</td>
<td>com.justdial.qa.testcases.WashingServiceResultsTestPage@6ab778a</td></tr>
<tr>
<td title='com.justdial.qa.testcases.WashingServiceResultsTestPage.titleValidationWashingServicesTestCase()'><b>titleValidationWashingServicesTestCase</b><br>Test class: com.justdial.qa.testcases.WashingServiceResultsTestPage</td>
<td><div><pre>java.lang.IllegalStateException: No reporters were started. Atleast 1 reporter must be started to create tests.
	at com.aventstack.extentreports.Report.createTest(Report.java:64)
	at com.aventstack.extentreports.ExtentReports.createTest(ExtentReports.java:230)
	at com.aventstack.extentreports.ExtentReports.createTest(ExtentReports.java:243)
	at com.justdial.qa.testcases.WashingServiceResultsTestPage.titleValidationWashingServicesTestCase(WashingServiceResultsTestPage.java:89)
	at java.base/java.util.ArrayList.forEach(ArrayList.java:1511)
... Removed 27 stack frames</pre></div><a href='#' onClick='toggleBox("stack-trace1733520096", this, "Click to show all stack frames", "Click to hide stack frames")'>Click to show all stack frames</a>
<div class='stack-trace' id='stack-trace1733520096'><pre>java.lang.IllegalStateException: No reporters were started. Atleast 1 reporter must be started to create tests.
	at com.aventstack.extentreports.Report.createTest(Report.java:64)
	at com.aventstack.extentreports.ExtentReports.createTest(ExtentReports.java:230)
	at com.aventstack.extentreports.ExtentReports.createTest(ExtentReports.java:243)
	at com.justdial.qa.testcases.WashingServiceResultsTestPage.titleValidationWashingServicesTestCase(WashingServiceResultsTestPage.java:89)
	at java.base/jdk.internal.reflect.NativeMethodAccessorImpl.invoke0(Native Method)
	at java.base/jdk.internal.reflect.NativeMethodAccessorImpl.invoke(NativeMethodAccessorImpl.java:77)
	at java.base/jdk.internal.reflect.DelegatingMethodAccessorImpl.invoke(DelegatingMethodAccessorImpl.java:43)
	at java.base/java.lang.reflect.Method.invoke(Method.java:568)
	at org.testng.internal.MethodInvocationHelper.invokeMethod(MethodInvocationHelper.java:133)
	at org.testng.internal.TestInvoker.invokeMethod(TestInvoker.java:598)
	at org.testng.internal.TestInvoker.invokeTestMethod(TestInvoker.java:173)
	at org.testng.internal.MethodRunner.runInSequence(MethodRunner.java:46)
	at org.testng.internal.TestInvoker$MethodInvocationAgent.invoke(TestInvoker.java:824)
	at org.testng.internal.TestInvoker.invokeTestMethods(TestInvoker.java:146)
	at org.testng.internal.TestMethodWorker.invokeTestMethods(TestMethodWorker.java:146)
	at org.testng.internal.TestMethodWorker.run(TestMethodWorker.java:128)
	at java.base/java.util.ArrayList.forEach(ArrayList.java:1511)
	at org.testng.TestRunner.privateRun(TestRunner.java:794)
	at org.testng.TestRunner.run(TestRunner.java:596)
	at org.testng.SuiteRunner.runTest(SuiteRunner.java:377)
	at org.testng.SuiteRunner.runSequentially(SuiteRunner.java:371)
	at org.testng.SuiteRunner.privateRun(SuiteRunner.java:332)
	at org.testng.SuiteRunner.run(SuiteRunner.java:276)
	at org.testng.SuiteRunnerWorker.runSuite(SuiteRunnerWorker.java:53)
	at org.testng.SuiteRunnerWorker.run(SuiteRunnerWorker.java:96)
	at org.testng.TestNG.runSuitesSequentially(TestNG.java:1212)
	at org.testng.TestNG.runSuitesLocally(TestNG.java:1134)
	at org.testng.TestNG.runSuites(TestNG.java:1063)
	at org.testng.TestNG.run(TestNG.java:1031)
	at org.testng.remote.AbstractRemoteTestNG.run(AbstractRemoteTestNG.java:115)
	at org.testng.remote.RemoteTestNG.initAndRun(RemoteTestNG.java:251)
	at org.testng.remote.RemoteTestNG.main(RemoteTestNG.java:77)
</pre></div></td>
<td>0</td>
<td>com.justdial.qa.testcases.WashingServiceResultsTestPage@6ab778a</td></tr>
<tr>
<td title='com.justdial.qa.testcases.WashingServiceResultsTestPage.invokeHomePageActions()'><b>invokeHomePageActions</b><br>Test class: com.justdial.qa.testcases.WashingServiceResultsTestPage</td>
<td><div><pre>java.lang.IllegalStateException: No reporters were started. Atleast 1 reporter must be started to create tests.
	at com.aventstack.extentreports.Report.createTest(Report.java:64)
	at com.aventstack.extentreports.ExtentReports.createTest(ExtentReports.java:230)
	at com.aventstack.extentreports.ExtentReports.createTest(ExtentReports.java:243)
	at com.justdial.qa.testcases.WashingServiceResultsTestPage.invokeHomePageActions(WashingServiceResultsTestPage.java:73)
	at java.base/java.util.ArrayList.forEach(ArrayList.java:1511)
... Removed 27 stack frames</pre></div><a href='#' onClick='toggleBox("stack-trace1164280115", this, "Click to show all stack frames", "Click to hide stack frames")'>Click to show all stack frames</a>
<div class='stack-trace' id='stack-trace1164280115'><pre>java.lang.IllegalStateException: No reporters were started. Atleast 1 reporter must be started to create tests.
	at com.aventstack.extentreports.Report.createTest(Report.java:64)
	at com.aventstack.extentreports.ExtentReports.createTest(ExtentReports.java:230)
	at com.aventstack.extentreports.ExtentReports.createTest(ExtentReports.java:243)
	at com.justdial.qa.testcases.WashingServiceResultsTestPage.invokeHomePageActions(WashingServiceResultsTestPage.java:73)
	at java.base/jdk.internal.reflect.NativeMethodAccessorImpl.invoke0(Native Method)
	at java.base/jdk.internal.reflect.NativeMethodAccessorImpl.invoke(NativeMethodAccessorImpl.java:77)
	at java.base/jdk.internal.reflect.DelegatingMethodAccessorImpl.invoke(DelegatingMethodAccessorImpl.java:43)
	at java.base/java.lang.reflect.Method.invoke(Method.java:568)
	at org.testng.internal.MethodInvocationHelper.invokeMethod(MethodInvocationHelper.java:133)
	at org.testng.internal.TestInvoker.invokeMethod(TestInvoker.java:598)
	at org.testng.internal.TestInvoker.invokeTestMethod(TestInvoker.java:173)
	at org.testng.internal.MethodRunner.runInSequence(MethodRunner.java:46)
	at org.testng.internal.TestInvoker$MethodInvocationAgent.invoke(TestInvoker.java:824)
	at org.testng.internal.TestInvoker.invokeTestMethods(TestInvoker.java:146)
	at org.testng.internal.TestMethodWorker.invokeTestMethods(TestMethodWorker.java:146)
	at org.testng.internal.TestMethodWorker.run(TestMethodWorker.java:128)
	at java.base/java.util.ArrayList.forEach(ArrayList.java:1511)
	at org.testng.TestRunner.privateRun(TestRunner.java:794)
	at org.testng.TestRunner.run(TestRunner.java:596)
	at org.testng.SuiteRunner.runTest(SuiteRunner.java:377)
	at org.testng.SuiteRunner.runSequentially(SuiteRunner.java:371)
	at org.testng.SuiteRunner.privateRun(SuiteRunner.java:332)
	at org.testng.SuiteRunner.run(SuiteRunner.java:276)
	at org.testng.SuiteRunnerWorker.runSuite(SuiteRunnerWorker.java:53)
	at org.testng.SuiteRunnerWorker.run(SuiteRunnerWorker.java:96)
	at org.testng.TestNG.runSuitesSequentially(TestNG.java:1212)
	at org.testng.TestNG.runSuitesLocally(TestNG.java:1134)
	at org.testng.TestNG.runSuites(TestNG.java:1063)
	at org.testng.TestNG.run(TestNG.java:1031)
	at org.testng.remote.AbstractRemoteTestNG.run(AbstractRemoteTestNG.java:115)
	at org.testng.remote.RemoteTestNG.initAndRun(RemoteTestNG.java:251)
	at org.testng.remote.RemoteTestNG.main(RemoteTestNG.java:77)
</pre></div></td>
<td>0</td>
<td>com.justdial.qa.testcases.WashingServiceResultsTestPage@6ab778a</td></tr>
<tr>
<td title='com.justdial.qa.testcases.WashingServiceResultsTestPage.resultHeaderTextDisplayTest()'><b>resultHeaderTextDisplayTest</b><br>Test class: com.justdial.qa.testcases.WashingServiceResultsTestPage</td>
<td><div><pre>java.lang.IllegalStateException: No reporters were started. Atleast 1 reporter must be started to create tests.
	at com.aventstack.extentreports.Report.createTest(Report.java:64)
	at com.aventstack.extentreports.ExtentReports.createTest(ExtentReports.java:230)
	at com.aventstack.extentreports.ExtentReports.createTest(ExtentReports.java:243)
	at com.justdial.qa.testcases.WashingServiceResultsTestPage.resultHeaderTextDisplayTest(WashingServiceResultsTestPage.java:103)
	at java.base/java.util.ArrayList.forEach(ArrayList.java:1511)
... Removed 27 stack frames</pre></div><a href='#' onClick='toggleBox("stack-trace219594319", this, "Click to show all stack frames", "Click to hide stack frames")'>Click to show all stack frames</a>
<div class='stack-trace' id='stack-trace219594319'><pre>java.lang.IllegalStateException: No reporters were started. Atleast 1 reporter must be started to create tests.
	at com.aventstack.extentreports.Report.createTest(Report.java:64)
	at com.aventstack.extentreports.ExtentReports.createTest(ExtentReports.java:230)
	at com.aventstack.extentreports.ExtentReports.createTest(ExtentReports.java:243)
	at com.justdial.qa.testcases.WashingServiceResultsTestPage.resultHeaderTextDisplayTest(WashingServiceResultsTestPage.java:103)
	at java.base/jdk.internal.reflect.NativeMethodAccessorImpl.invoke0(Native Method)
	at java.base/jdk.internal.reflect.NativeMethodAccessorImpl.invoke(NativeMethodAccessorImpl.java:77)
	at java.base/jdk.internal.reflect.DelegatingMethodAccessorImpl.invoke(DelegatingMethodAccessorImpl.java:43)
	at java.base/java.lang.reflect.Method.invoke(Method.java:568)
	at org.testng.internal.MethodInvocationHelper.invokeMethod(MethodInvocationHelper.java:133)
	at org.testng.internal.TestInvoker.invokeMethod(TestInvoker.java:598)
	at org.testng.internal.TestInvoker.invokeTestMethod(TestInvoker.java:173)
	at org.testng.internal.MethodRunner.runInSequence(MethodRunner.java:46)
	at org.testng.internal.TestInvoker$MethodInvocationAgent.invoke(TestInvoker.java:824)
	at org.testng.internal.TestInvoker.invokeTestMethods(TestInvoker.java:146)
	at org.testng.internal.TestMethodWorker.invokeTestMethods(TestMethodWorker.java:146)
	at org.testng.internal.TestMethodWorker.run(TestMethodWorker.java:128)
	at java.base/java.util.ArrayList.forEach(ArrayList.java:1511)
	at org.testng.TestRunner.privateRun(TestRunner.java:794)
	at org.testng.TestRunner.run(TestRunner.java:596)
	at org.testng.SuiteRunner.runTest(SuiteRunner.java:377)
	at org.testng.SuiteRunner.runSequentially(SuiteRunner.java:371)
	at org.testng.SuiteRunner.privateRun(SuiteRunner.java:332)
	at org.testng.SuiteRunner.run(SuiteRunner.java:276)
	at org.testng.SuiteRunnerWorker.runSuite(SuiteRunnerWorker.java:53)
	at org.testng.SuiteRunnerWorker.run(SuiteRunnerWorker.java:96)
	at org.testng.TestNG.runSuitesSequentially(TestNG.java:1212)
	at org.testng.TestNG.runSuitesLocally(TestNG.java:1134)
	at org.testng.TestNG.runSuites(TestNG.java:1063)
	at org.testng.TestNG.run(TestNG.java:1031)
	at org.testng.remote.AbstractRemoteTestNG.run(AbstractRemoteTestNG.java:115)
	at org.testng.remote.RemoteTestNG.initAndRun(RemoteTestNG.java:251)
	at org.testng.remote.RemoteTestNG.main(RemoteTestNG.java:77)
</pre></div></td>
<td>0</td>
<td>com.justdial.qa.testcases.WashingServiceResultsTestPage@6ab778a</td></tr>
<tr>
<td title='com.justdial.qa.testcases.WashingServiceResultsTestPage.navigateBack()'><b>navigateBack</b><br>Test class: com.justdial.qa.testcases.WashingServiceResultsTestPage</td>
<td><div><pre>java.lang.IllegalStateException: No reporters were started. Atleast 1 reporter must be started to create tests.
	at com.aventstack.extentreports.Report.createTest(Report.java:64)
	at com.aventstack.extentreports.ExtentReports.createTest(ExtentReports.java:230)
	at com.aventstack.extentreports.ExtentReports.createTest(ExtentReports.java:243)
	at com.justdial.qa.testcases.WashingServiceResultsTestPage.navigateBack(WashingServiceResultsTestPage.java:163)
	at java.base/java.util.ArrayList.forEach(ArrayList.java:1511)
... Removed 27 stack frames</pre></div><a href='#' onClick='toggleBox("stack-trace1332038894", this, "Click to show all stack frames", "Click to hide stack frames")'>Click to show all stack frames</a>
<div class='stack-trace' id='stack-trace1332038894'><pre>java.lang.IllegalStateException: No reporters were started. Atleast 1 reporter must be started to create tests.
	at com.aventstack.extentreports.Report.createTest(Report.java:64)
	at com.aventstack.extentreports.ExtentReports.createTest(ExtentReports.java:230)
	at com.aventstack.extentreports.ExtentReports.createTest(ExtentReports.java:243)
	at com.justdial.qa.testcases.WashingServiceResultsTestPage.navigateBack(WashingServiceResultsTestPage.java:163)
	at java.base/jdk.internal.reflect.NativeMethodAccessorImpl.invoke0(Native Method)
	at java.base/jdk.internal.reflect.NativeMethodAccessorImpl.invoke(NativeMethodAccessorImpl.java:77)
	at java.base/jdk.internal.reflect.DelegatingMethodAccessorImpl.invoke(DelegatingMethodAccessorImpl.java:43)
	at java.base/java.lang.reflect.Method.invoke(Method.java:568)
	at org.testng.internal.MethodInvocationHelper.invokeMethod(MethodInvocationHelper.java:133)
	at org.testng.internal.TestInvoker.invokeMethod(TestInvoker.java:598)
	at org.testng.internal.TestInvoker.invokeTestMethod(TestInvoker.java:173)
	at org.testng.internal.MethodRunner.runInSequence(MethodRunner.java:46)
	at org.testng.internal.TestInvoker$MethodInvocationAgent.invoke(TestInvoker.java:824)
	at org.testng.internal.TestInvoker.invokeTestMethods(TestInvoker.java:146)
	at org.testng.internal.TestMethodWorker.invokeTestMethods(TestMethodWorker.java:146)
	at org.testng.internal.TestMethodWorker.run(TestMethodWorker.java:128)
	at java.base/java.util.ArrayList.forEach(ArrayList.java:1511)
	at org.testng.TestRunner.privateRun(TestRunner.java:794)
	at org.testng.TestRunner.run(TestRunner.java:596)
	at org.testng.SuiteRunner.runTest(SuiteRunner.java:377)
	at org.testng.SuiteRunner.runSequentially(SuiteRunner.java:371)
	at org.testng.SuiteRunner.privateRun(SuiteRunner.java:332)
	at org.testng.SuiteRunner.run(SuiteRunner.java:276)
	at org.testng.SuiteRunnerWorker.runSuite(SuiteRunnerWorker.java:53)
	at org.testng.SuiteRunnerWorker.run(SuiteRunnerWorker.java:96)
	at org.testng.TestNG.runSuitesSequentially(TestNG.java:1212)
	at org.testng.TestNG.runSuitesLocally(TestNG.java:1134)
	at org.testng.TestNG.runSuites(TestNG.java:1063)
	at org.testng.TestNG.run(TestNG.java:1031)
	at org.testng.remote.AbstractRemoteTestNG.run(AbstractRemoteTestNG.java:115)
	at org.testng.remote.RemoteTestNG.initAndRun(RemoteTestNG.java:251)
	at org.testng.remote.RemoteTestNG.main(RemoteTestNG.java:77)
</pre></div></td>
<td>0</td>
<td>com.justdial.qa.testcases.WashingServiceResultsTestPage@6ab778a</td></tr>
<tr>
<td title='com.justdial.qa.testcases.WashingServiceResultsTestPage.topRatedButtonIsClickableTest()'><b>topRatedButtonIsClickableTest</b><br>Test class: com.justdial.qa.testcases.WashingServiceResultsTestPage</td>
<td><div><pre>java.lang.IllegalStateException: No reporters were started. Atleast 1 reporter must be started to create tests.
	at com.aventstack.extentreports.Report.createTest(Report.java:64)
	at com.aventstack.extentreports.ExtentReports.createTest(ExtentReports.java:230)
	at com.aventstack.extentreports.ExtentReports.createTest(ExtentReports.java:243)
	at com.justdial.qa.testcases.WashingServiceResultsTestPage.topRatedButtonIsClickableTest(WashingServiceResultsTestPage.java:133)
	at java.base/java.util.ArrayList.forEach(ArrayList.java:1511)
... Removed 27 stack frames</pre></div><a href='#' onClick='toggleBox("stack-trace700546109", this, "Click to show all stack frames", "Click to hide stack frames")'>Click to show all stack frames</a>
<div class='stack-trace' id='stack-trace700546109'><pre>java.lang.IllegalStateException: No reporters were started. Atleast 1 reporter must be started to create tests.
	at com.aventstack.extentreports.Report.createTest(Report.java:64)
	at com.aventstack.extentreports.ExtentReports.createTest(ExtentReports.java:230)
	at com.aventstack.extentreports.ExtentReports.createTest(ExtentReports.java:243)
	at com.justdial.qa.testcases.WashingServiceResultsTestPage.topRatedButtonIsClickableTest(WashingServiceResultsTestPage.java:133)
	at java.base/jdk.internal.reflect.NativeMethodAccessorImpl.invoke0(Native Method)
	at java.base/jdk.internal.reflect.NativeMethodAccessorImpl.invoke(NativeMethodAccessorImpl.java:77)
	at java.base/jdk.internal.reflect.DelegatingMethodAccessorImpl.invoke(DelegatingMethodAccessorImpl.java:43)
	at java.base/java.lang.reflect.Method.invoke(Method.java:568)
	at org.testng.internal.MethodInvocationHelper.invokeMethod(MethodInvocationHelper.java:133)
	at org.testng.internal.TestInvoker.invokeMethod(TestInvoker.java:598)
	at org.testng.internal.TestInvoker.invokeTestMethod(TestInvoker.java:173)
	at org.testng.internal.MethodRunner.runInSequence(MethodRunner.java:46)
	at org.testng.internal.TestInvoker$MethodInvocationAgent.invoke(TestInvoker.java:824)
	at org.testng.internal.TestInvoker.invokeTestMethods(TestInvoker.java:146)
	at org.testng.internal.TestMethodWorker.invokeTestMethods(TestMethodWorker.java:146)
	at org.testng.internal.TestMethodWorker.run(TestMethodWorker.java:128)
	at java.base/java.util.ArrayList.forEach(ArrayList.java:1511)
	at org.testng.TestRunner.privateRun(TestRunner.java:794)
	at org.testng.TestRunner.run(TestRunner.java:596)
	at org.testng.SuiteRunner.runTest(SuiteRunner.java:377)
	at org.testng.SuiteRunner.runSequentially(SuiteRunner.java:371)
	at org.testng.SuiteRunner.privateRun(SuiteRunner.java:332)
	at org.testng.SuiteRunner.run(SuiteRunner.java:276)
	at org.testng.SuiteRunnerWorker.runSuite(SuiteRunnerWorker.java:53)
	at org.testng.SuiteRunnerWorker.run(SuiteRunnerWorker.java:96)
	at org.testng.TestNG.runSuitesSequentially(TestNG.java:1212)
	at org.testng.TestNG.runSuitesLocally(TestNG.java:1134)
	at org.testng.TestNG.runSuites(TestNG.java:1063)
	at org.testng.TestNG.run(TestNG.java:1031)
	at org.testng.remote.AbstractRemoteTestNG.run(AbstractRemoteTestNG.java:115)
	at org.testng.remote.RemoteTestNG.initAndRun(RemoteTestNG.java:251)
	at org.testng.remote.RemoteTestNG.main(RemoteTestNG.java:77)
</pre></div></td>
<td>0</td>
<td>com.justdial.qa.testcases.WashingServiceResultsTestPage@6ab778a</td></tr>
<tr>
<td title='com.justdial.qa.testcases.WashingServiceResultsTestPage.topRatedButtonIsDisplayedTest()'><b>topRatedButtonIsDisplayedTest</b><br>Test class: com.justdial.qa.testcases.WashingServiceResultsTestPage</td>
<td><div><pre>java.lang.IllegalStateException: No reporters were started. Atleast 1 reporter must be started to create tests.
	at com.aventstack.extentreports.Report.createTest(Report.java:64)
	at com.aventstack.extentreports.ExtentReports.createTest(ExtentReports.java:230)
	at com.aventstack.extentreports.ExtentReports.createTest(ExtentReports.java:243)
	at com.justdial.qa.testcases.WashingServiceResultsTestPage.topRatedButtonIsDisplayedTest(WashingServiceResultsTestPage.java:120)
	at java.base/java.util.ArrayList.forEach(ArrayList.java:1511)
... Removed 27 stack frames</pre></div><a href='#' onClick='toggleBox("stack-trace1808470758", this, "Click to show all stack frames", "Click to hide stack frames")'>Click to show all stack frames</a>
<div class='stack-trace' id='stack-trace1808470758'><pre>java.lang.IllegalStateException: No reporters were started. Atleast 1 reporter must be started to create tests.
	at com.aventstack.extentreports.Report.createTest(Report.java:64)
	at com.aventstack.extentreports.ExtentReports.createTest(ExtentReports.java:230)
	at com.aventstack.extentreports.ExtentReports.createTest(ExtentReports.java:243)
	at com.justdial.qa.testcases.WashingServiceResultsTestPage.topRatedButtonIsDisplayedTest(WashingServiceResultsTestPage.java:120)
	at java.base/jdk.internal.reflect.NativeMethodAccessorImpl.invoke0(Native Method)
	at java.base/jdk.internal.reflect.NativeMethodAccessorImpl.invoke(NativeMethodAccessorImpl.java:77)
	at java.base/jdk.internal.reflect.DelegatingMethodAccessorImpl.invoke(DelegatingMethodAccessorImpl.java:43)
	at java.base/java.lang.reflect.Method.invoke(Method.java:568)
	at org.testng.internal.MethodInvocationHelper.invokeMethod(MethodInvocationHelper.java:133)
	at org.testng.internal.TestInvoker.invokeMethod(TestInvoker.java:598)
	at org.testng.internal.TestInvoker.invokeTestMethod(TestInvoker.java:173)
	at org.testng.internal.MethodRunner.runInSequence(MethodRunner.java:46)
	at org.testng.internal.TestInvoker$MethodInvocationAgent.invoke(TestInvoker.java:824)
	at org.testng.internal.TestInvoker.invokeTestMethods(TestInvoker.java:146)
	at org.testng.internal.TestMethodWorker.invokeTestMethods(TestMethodWorker.java:146)
	at org.testng.internal.TestMethodWorker.run(TestMethodWorker.java:128)
	at java.base/java.util.ArrayList.forEach(ArrayList.java:1511)
	at org.testng.TestRunner.privateRun(TestRunner.java:794)
	at org.testng.TestRunner.run(TestRunner.java:596)
	at org.testng.SuiteRunner.runTest(SuiteRunner.java:377)
	at org.testng.SuiteRunner.runSequentially(SuiteRunner.java:371)
	at org.testng.SuiteRunner.privateRun(SuiteRunner.java:332)
	at org.testng.SuiteRunner.run(SuiteRunner.java:276)
	at org.testng.SuiteRunnerWorker.runSuite(SuiteRunnerWorker.java:53)
	at org.testng.SuiteRunnerWorker.run(SuiteRunnerWorker.java:96)
	at org.testng.TestNG.runSuitesSequentially(TestNG.java:1212)
	at org.testng.TestNG.runSuitesLocally(TestNG.java:1134)
	at org.testng.TestNG.runSuites(TestNG.java:1063)
	at org.testng.TestNG.run(TestNG.java:1031)
	at org.testng.remote.AbstractRemoteTestNG.run(AbstractRemoteTestNG.java:115)
	at org.testng.remote.RemoteTestNG.initAndRun(RemoteTestNG.java:251)
	at org.testng.remote.RemoteTestNG.main(RemoteTestNG.java:77)
</pre></div></td>
<td>0</td>
<td>com.justdial.qa.testcases.WashingServiceResultsTestPage@6ab778a</td></tr>
</table><p>
<table width='100%' border='1' class='invocation-passed'>
<tr><td colspan='4' align='center'><b>PASSED TESTS</b></td></tr>
<tr><td><b>Test method</b></td>
<td width="30%"><b>Exception</b></td>
<td width="10%"><b>Time (seconds)</b></td>
<td><b>Instance</b></td>
</tr>
<tr>
<td title='com.justdial.qa.testcases.FreeListingTestCases.freeListingLogoTest()'><b>freeListingLogoTest</b><br>Test class: com.justdial.qa.testcases.FreeListingTestCases</td>
<td></td>
<td>0</td>
<td>com.justdial.qa.testcases.FreeListingTestCases@1dac5ef</td></tr>
<tr>
<td title='com.justdial.qa.testcases.homePageTestCases.freeListingLinkTest()'><b>freeListingLinkTest</b><br>Test class: com.justdial.qa.testcases.homePageTestCases</td>
<td></td>
<td>0</td>
<td>com.justdial.qa.testcases.homePageTestCases@6aaceffd</td></tr>
<tr>
<td title='com.justdial.qa.testcases.GymListingTestCases.validateResultHeaderTest()'><b>validateResultHeaderTest</b><br>Test class: com.justdial.qa.testcases.GymListingTestCases</td>
<td></td>
<td>0</td>
<td>com.justdial.qa.testcases.GymListingTestCases@5c90e579</td></tr>
<tr>
<td title='com.justdial.qa.testcases.FreeListingTestCases.allValidData()'><b>allValidData</b><br>Test class: com.justdial.qa.testcases.FreeListingTestCases<br>Parameters: Star Services, Mr, Kolkata, Sayan, Sen, 8582898666, 22447879</td>
<td></td>
<td>10</td>
<td>com.justdial.qa.testcases.FreeListingTestCases@1dac5ef</td></tr>
<tr>
<td title='com.justdial.qa.testcases.homePageTestCases.logoValidationTest()'><b>logoValidationTest</b><br>Test class: com.justdial.qa.testcases.homePageTestCases</td>
<td></td>
<td>0</td>
<td>com.justdial.qa.testcases.homePageTestCases@6aaceffd</td></tr>
<tr>
<td title='com.justdial.qa.testcases.FreeListingTestCases.allNullValue()'><b>allNullValue</b><br>Test class: com.justdial.qa.testcases.FreeListingTestCases</td>
<td></td>
<td>3</td>
<td>com.justdial.qa.testcases.FreeListingTestCases@1dac5ef</td></tr>
<tr>
<td title='com.justdial.qa.testcases.FreeListingTestCases.invalidPhoneNumber()'><b>invalidPhoneNumber</b><br>Test class: com.justdial.qa.testcases.FreeListingTestCases<br>Parameters: Star Services, Mr, Kolkata, Sayan, Sen, 8582898666, 22447879</td>
<td></td>
<td>7</td>
<td>com.justdial.qa.testcases.FreeListingTestCases@1dac5ef</td></tr>
<tr>
<td title='com.justdial.qa.testcases.GymListingTestCases.validateGymPageTitleTest()'><b>validateGymPageTitleTest</b><br>Test class: com.justdial.qa.testcases.GymListingTestCases</td>
<td></td>
<td>0</td>
<td>com.justdial.qa.testcases.GymListingTestCases@5c90e579</td></tr>
<tr>
<td title='com.justdial.qa.testcases.homePageTestCases.pageTitleValidationTest()'><b>pageTitleValidationTest</b><br>Test class: com.justdial.qa.testcases.homePageTestCases</td>
<td></td>
<td>0</td>
<td>com.justdial.qa.testcases.homePageTestCases@6aaceffd</td></tr>
<tr>
<td title='com.justdial.qa.testcases.FreeListingTestCases.cityIsBlankTest()'><b>cityIsBlankTest</b><br>Test class: com.justdial.qa.testcases.FreeListingTestCases<br>Parameters: Star Services, Mr, Kolkata, Sayan, Sen, 8582898666, 22447879</td>
<td></td>
<td>8</td>
<td>com.justdial.qa.testcases.FreeListingTestCases@1dac5ef</td></tr>
<tr>
<td title='com.justdial.qa.testcases.GymListingTestCases.resultBoxDisplayedTest()'><b>resultBoxDisplayedTest</b><br>Test class: com.justdial.qa.testcases.GymListingTestCases</td>
<td></td>
<td>0</td>
<td>com.justdial.qa.testcases.GymListingTestCases@5c90e579</td></tr>
<tr>
<td title='com.justdial.qa.testcases.homePageTestCases.searchEngineIsDisplayed()'><b>searchEngineIsDisplayed</b><br>Test class: com.justdial.qa.testcases.homePageTestCases</td>
<td></td>
<td>0</td>
<td>com.justdial.qa.testcases.homePageTestCases@6aaceffd</td></tr>
<tr>
<td title='com.justdial.qa.testcases.FreeListingTestCases.mobileFieldNullTest()'><b>mobileFieldNullTest</b><br>Test class: com.justdial.qa.testcases.FreeListingTestCases<br>Parameters: Star Services, Mr, Kolkata, Sayan, Sen, 8582898666, 22447879</td>
<td></td>
<td>5</td>
<td>com.justdial.qa.testcases.FreeListingTestCases@1dac5ef</td></tr>
<tr>
<td title='com.justdial.qa.testcases.FreeListingTestCases.verifyTextTest()'><b>verifyTextTest</b><br>Test class: com.justdial.qa.testcases.FreeListingTestCases</td>
<td></td>
<td>0</td>
<td>com.justdial.qa.testcases.FreeListingTestCases@1dac5ef</td></tr>
<tr>
<td title='com.justdial.qa.testcases.homePageTestCases.loginOrSignUpLinkTest()'><b>loginOrSignUpLinkTest</b><br>Test class: com.justdial.qa.testcases.homePageTestCases</td>
<td></td>
<td>2</td>
<td>com.justdial.qa.testcases.homePageTestCases@6aaceffd</td></tr>
<tr>
<td title='com.justdial.qa.testcases.GymListingTestCases.invokeHomePage()'><b>invokeHomePage</b><br>Test class: com.justdial.qa.testcases.GymListingTestCases</td>
<td></td>
<td>1</td>
<td>com.justdial.qa.testcases.GymListingTestCases@5c90e579</td></tr>
<tr>
<td title='com.justdial.qa.testcases.FreeListingTestCases.verifyTitleTest()'><b>verifyTitleTest</b><br>Test class: com.justdial.qa.testcases.FreeListingTestCases</td>
<td></td>
<td>0</td>
<td>com.justdial.qa.testcases.FreeListingTestCases@1dac5ef</td></tr>
<tr>
<td title='com.justdial.qa.testcases.homePageTestCases.cityBoxIsDisplayed()'><b>cityBoxIsDisplayed</b><br>Test class: com.justdial.qa.testcases.homePageTestCases</td>
<td></td>
<td>0</td>
<td>com.justdial.qa.testcases.homePageTestCases@6aaceffd</td></tr>
<tr>
<td title='com.justdial.qa.testcases.FreeListingTestCases.invalidCityNameTest()'><b>invalidCityNameTest</b><br>Test class: com.justdial.qa.testcases.FreeListingTestCases<br>Parameters: Star Services, Mr, Kolkata, Sayan, Sen, 8582898666, 22447879</td>
<td></td>
<td>7</td>
<td>com.justdial.qa.testcases.FreeListingTestCases@1dac5ef</td></tr>
<tr>
<td title='com.justdial.qa.testcases.FreeListingTestCases.mandatoryFieldTextTest()'><b>mandatoryFieldTextTest</b><br>Test class: com.justdial.qa.testcases.FreeListingTestCases</td>
<td></td>
<td>1</td>
<td>com.justdial.qa.testcases.FreeListingTestCases@1dac5ef</td></tr>
<tr>
<td title='com.justdial.qa.testcases.GymListingTestCases.filterDivTest()'><b>filterDivTest</b><br>Test class: com.justdial.qa.testcases.GymListingTestCases</td>
<td></td>
<td>2</td>
<td>com.justdial.qa.testcases.GymListingTestCases@5c90e579</td></tr>
<tr>
<td title='com.justdial.qa.testcases.GymListingTestCases.navigateBack()'><b>navigateBack</b><br>Test class: com.justdial.qa.testcases.GymListingTestCases</td>
<td></td>
<td>8</td>
<td>com.justdial.qa.testcases.GymListingTestCases@5c90e579</td></tr>
<tr>
<td title='com.justdial.qa.testcases.homePageTestCases.gymButtonTest()'><b>gymButtonTest</b><br>Test class: com.justdial.qa.testcases.homePageTestCases</td>
<td></td>
<td>2</td>
<td>com.justdial.qa.testcases.homePageTestCases@6aaceffd</td></tr>
<tr>
<td title='com.justdial.qa.testcases.GymListingTestCases.displayListOfGymsTest()'><b>displayListOfGymsTest</b><br>Test class: com.justdial.qa.testcases.GymListingTestCases</td>
<td></td>
<td>0</td>
<td>com.justdial.qa.testcases.GymListingTestCases@5c90e579</td></tr>
<tr>
<td title='com.justdial.qa.testcases.FreeListingTestCases.invokeHomePage()'><b>invokeHomePage</b><br>Test class: com.justdial.qa.testcases.FreeListingTestCases</td>
<td></td>
<td>2</td>
<td>com.justdial.qa.testcases.FreeListingTestCases@1dac5ef</td></tr>
<tr>
<td title='com.justdial.qa.testcases.homePageTestCases.cityIsChangeableTest()'><b>cityIsChangeableTest</b><br>Test class: com.justdial.qa.testcases.homePageTestCases</td>
<td></td>
<td>4</td>
<td>com.justdial.qa.testcases.homePageTestCases@6aaceffd</td></tr>
<tr>
<td title='com.justdial.qa.testcases.FreeListingTestCases.companyFieldNull()'><b>companyFieldNull</b><br>Test class: com.justdial.qa.testcases.FreeListingTestCases<br>Parameters: Star Services, Mr, Kolkata, Sayan, Sen, 8582898666, 22447879</td>
<td></td>
<td>8</td>
<td>com.justdial.qa.testcases.FreeListingTestCases@1dac5ef</td></tr>
</table><p>
</body>
</html>